<?xml version="1.0" encoding="UTF-8" ?>
<testsuite errors="0" failures="0" hostname="Zoyas-MacBook-Air.local" name="GUI.AddStudentGradesTest" skipped="0" tests="2" time="5.779" timestamp="2024-06-08T06:31:30">
  <properties>
[...]
</properties>
  <testcase classname="GUI.AddStudentGradesTest" name="testDeleteGrade" time="4.722" />
  <testcase classname="GUI.AddStudentGradesTest" name="testSaveGrade" time="0.966" />
  <system-out><![CDATA[Selected Student ID: 87654321
Selected Semester: 1
Selected Class: COMP500
Selected Grade: A
Selected Student ID: 87654321
Selected Semester: 1
Selected Class: COMP500
Selected Grade: A
]]></system-out>
  <system-err><![CDATA[]]></system-err>
</testsuite>
